

============================== 2022-10-02 16:49:18.248731 | f093f2f5-b782-4bee-882b-7753779efeeb ==============================
[0m16:49:18.248731 [info ] [MainThread]: Running with dbt=1.2.1
[0m16:49:18.249750 [debug] [MainThread]: running dbt with arguments {'write_json': True, 'use_colors': True, 'printer_width': 80, 'version_check': True, 'partial_parse': True, 'static_parser': True, 'profiles_dir': 'C:\\Users\\admin\\.dbt', 'send_anonymous_usage_stats': True, 'event_buffer_size': 100000, 'quiet': False, 'no_print': False, 'project_name': 'sai', 'skip_profile_setup': False, 'which': 'init', 'indirect_selection': 'eager'}
[0m16:49:18.249750 [debug] [MainThread]: Tracking: tracking
[0m16:49:18.251148 [debug] [MainThread]: Sending event: {'category': 'dbt', 'action': 'invocation', 'label': 'start', 'context': [<snowplow_tracker.self_describing_json.SelfDescribingJson object at 0x00000207914A9370>, <snowplow_tracker.self_describing_json.SelfDescribingJson object at 0x00000207914A9220>, <snowplow_tracker.self_describing_json.SelfDescribingJson object at 0x00000207914A9100>]}
[0m16:49:18.256879 [debug] [MainThread]: Starter project path: c:\users\admin\appdata\local\programs\python\python39\lib\site-packages\dbt\include\starter_project
[0m17:05:28.904634 [info ] [MainThread]: Profile sai written to C:\Users\admin\.dbt\profiles.yml using target's profile_template.yml and your supplied values. Run 'dbt debug' to validate the connection.
[0m17:05:28.906505 [info ] [MainThread]: 
Your new dbt project "sai" was created!

For more information on how to configure the profiles.yml file,
please consult the dbt documentation here:

  https://docs.getdbt.com/docs/configure-your-profile

One more thing:

Need help? Don't hesitate to reach out to us via GitHub issues or on Slack:

  https://community.getdbt.com/

Happy modeling!

[0m17:05:28.912175 [debug] [MainThread]: Sending event: {'category': 'dbt', 'action': 'invocation', 'label': 'end', 'context': [<snowplow_tracker.self_describing_json.SelfDescribingJson object at 0x00000207914A9370>, <snowplow_tracker.self_describing_json.SelfDescribingJson object at 0x00000207914A9D00>, <snowplow_tracker.self_describing_json.SelfDescribingJson object at 0x00000207914A90A0>]}
[0m17:05:28.913771 [debug] [MainThread]: Flushing usage events


============================== 2022-10-02 17:05:47.651490 | bacc98a5-06d3-4efd-afb8-fdbe76f67861 ==============================
[0m17:05:47.651490 [info ] [MainThread]: Running with dbt=1.2.1
[0m17:05:47.653393 [debug] [MainThread]: running dbt with arguments {'write_json': True, 'use_colors': True, 'printer_width': 80, 'version_check': True, 'partial_parse': True, 'static_parser': True, 'profiles_dir': 'C:\\Users\\admin\\.dbt', 'send_anonymous_usage_stats': True, 'event_buffer_size': 100000, 'quiet': False, 'no_print': False, 'config_dir': False, 'which': 'debug', 'indirect_selection': 'eager'}
[0m17:05:47.653478 [debug] [MainThread]: Tracking: tracking
[0m17:05:47.654560 [debug] [MainThread]: Sending event: {'category': 'dbt', 'action': 'invocation', 'label': 'start', 'context': [<snowplow_tracker.self_describing_json.SelfDescribingJson object at 0x000001D123C992E0>, <snowplow_tracker.self_describing_json.SelfDescribingJson object at 0x000001D123C99310>, <snowplow_tracker.self_describing_json.SelfDescribingJson object at 0x000001D123C99160>]}
[0m17:05:49.749874 [debug] [MainThread]: Executing "git --help"
[0m17:05:49.941754 [debug] [MainThread]: STDOUT: "b"usage: git [-v | --version] [-h | --help] [-C <path>] [-c <name>=<value>]\n           [--exec-path[=<path>]] [--html-path] [--man-path] [--info-path]\n           [-p | --paginate | -P | --no-pager] [--no-replace-objects] [--bare]\n           [--git-dir=<path>] [--work-tree=<path>] [--namespace=<name>]\n           [--super-prefix=<path>] [--config-env=<name>=<envvar>]\n           <command> [<args>]\n\nThese are common Git commands used in various situations:\n\nstart a working area (see also: git help tutorial)\n   clone     Clone a repository into a new directory\n   init      Create an empty Git repository or reinitialize an existing one\n\nwork on the current change (see also: git help everyday)\n   add       Add file contents to the index\n   mv        Move or rename a file, a directory, or a symlink\n   restore   Restore working tree files\n   rm        Remove files from the working tree and from the index\n\nexamine the history and state (see also: git help revisions)\n   bisect    Use binary search to find the commit that introduced a bug\n   diff      Show changes between commits, commit and working tree, etc\n   grep      Print lines matching a pattern\n   log       Show commit logs\n   show      Show various types of objects\n   status    Show the working tree status\n\ngrow, mark and tweak your common history\n   branch    List, create, or delete branches\n   commit    Record changes to the repository\n   merge     Join two or more development histories together\n   rebase    Reapply commits on top of another base tip\n   reset     Reset current HEAD to the specified state\n   switch    Switch branches\n   tag       Create, list, delete or verify a tag object signed with GPG\n\ncollaborate (see also: git help workflows)\n   fetch     Download objects and refs from another repository\n   pull      Fetch from and integrate with another repository or a local branch\n   push      Update remote refs along with associated objects\n\n'git help -a' and 'git help -g' list available subcommands and some\nconcept guides. See 'git help <command>' or 'git help <concept>'\nto read about a specific subcommand or concept.\nSee 'git help git' for an overview of the system.\n""
[0m17:05:49.942757 [debug] [MainThread]: STDERR: "b''"
[0m17:05:49.946233 [debug] [MainThread]: Sending event: {'category': 'dbt', 'action': 'invocation', 'label': 'end', 'context': [<snowplow_tracker.self_describing_json.SelfDescribingJson object at 0x000001D12BBA1AC0>, <snowplow_tracker.self_describing_json.SelfDescribingJson object at 0x000001D123C99190>, <snowplow_tracker.self_describing_json.SelfDescribingJson object at 0x000001D123C99280>]}
[0m17:05:49.947717 [debug] [MainThread]: Flushing usage events
